2026-07-10 16:12:45 +08:00: 
2026-07-10 16:12:45 +08:00:  panic: runtime error: invalid memory address or nil pointer dereference
2026-07-10 16:12:45 +08:00:  
2026-07-10 16:12:45 +08:00:  -> github.com/zhiyu-saas/backend/internal/handler.(*ResourceHandler).List
2026-07-10 16:12:45 +08:00:  ->   /root/projects/zhiyu-saas/backend/internal/handler/resource_handler.go:92
2026-07-10 16:12:45 +08:00: 
2026-07-10 16:12:45 +08:00:     net/http.HandlerFunc.ServeHTTP
2026-07-10 16:12:45 +08:00:       /root/go/pkg/mod/golang.org/toolchain@v0.0.1-go1.25.0.linux-amd64/src/net/http/server.go:2322
2026-07-10 16:12:45 +08:00:     github.com/go-chi/chi/v5.(*Mux).routeHTTP
2026-07-10 16:12:45 +08:00:       /root/go/pkg/mod/github.com/go-chi/chi/v5@v5.3.1/mux.go:483
2026-07-10 16:12:45 +08:00:     net/http.HandlerFunc.ServeHTTP
2026-07-10 16:12:45 +08:00:       /root/go/pkg/mod/golang.org/toolchain@v0.0.1-go1.25.0.linux-amd64/src/net/http/server.go:2322
2026-07-10 16:12:45 +08:00:     github.com/go-chi/chi/v5.(*Mux).ServeHTTP
2026-07-10 16:12:45 +08:00:       /root/go/pkg/mod/github.com/go-chi/chi/v5@v5.3.1/mux.go:73
2026-07-10 16:12:45 +08:00:     github.com/go-chi/chi/v5.(*Mux).Mount.func1
2026-07-10 16:12:45 +08:00:       /root/go/pkg/mod/github.com/go-chi/chi/v5@v5.3.1/mux.go:327
2026-07-10 16:12:45 +08:00:     net/http.HandlerFunc.ServeHTTP
2026-07-10 16:12:45 +08:00:       /root/go/pkg/mod/golang.org/toolchain@v0.0.1-go1.25.0.linux-amd64/src/net/http/server.go:2322
2026-07-10 16:12:45 +08:00:     github.com/go-chi/chi/v5.(*Mux).routeHTTP
2026-07-10 16:12:45 +08:00:       /root/go/pkg/mod/github.com/go-chi/chi/v5@v5.3.1/mux.go:483
2026-07-10 16:12:45 +08:00:     net/http.HandlerFunc.ServeHTTP
2026-07-10 16:12:45 +08:00:       /root/go/pkg/mod/golang.org/toolchain@v0.0.1-go1.25.0.linux-amd64/src/net/http/server.go:2322
2026-07-10 16:12:45 +08:00:     github.com/zhiyu-saas/backend/internal/router.New.func1.1
2026-07-10 16:12:45 +08:00:       /root/projects/zhiyu-saas/backend/internal/router/router.go:31
2026-07-10 16:12:45 +08:00:     net/http.HandlerFunc.ServeHTTP
2026-07-10 16:12:45 +08:00:       /root/go/pkg/mod/golang.org/toolchain@v0.0.1-go1.25.0.linux-amd64/src/net/http/server.go:2322
2026-07-10 16:12:45 +08:00:     github.com/zhiyu-saas/backend/internal/router.New.Timeout.func4.1
2026-07-10 16:12:45 +08:00:       /root/go/pkg/mod/github.com/go-chi/chi/v5@v5.3.1/middleware/timeout.go:44
2026-07-10 16:12:45 +08:00:     net/http.HandlerFunc.ServeHTTP
2026-07-10 16:12:45 +08:00:       /root/go/pkg/mod/golang.org/toolchain@v0.0.1-go1.25.0.linux-amd64/src/net/http/server.go:2322
2026-07-10 16:12:45 +08:00:     github.com/go-chi/chi/v5/middleware.Recoverer.func1
2026-07-10 16:12:45 +08:00:       /root/go/pkg/mod/github.com/go-chi/chi/v5@v5.3.1/middleware/recoverer.go:45
2026-07-10 16:12:45 +08:00:     net/http.HandlerFunc.ServeHTTP
2026-07-10 16:12:45 +08:00:       /root/go/pkg/mod/golang.org/toolchain@v0.0.1-go1.25.0.linux-amd64/src/net/http/server.go:2322
2026-07-10 16:12:45 +08:00:     github.com/go-chi/chi/v5/middleware.init.0.RequestLogger.func1.1
2026-07-10 16:12:45 +08:00:       /root/go/pkg/mod/github.com/go-chi/chi/v5@v5.3.1/middleware/logger.go:55
2026-07-10 16:12:45 +08:00:     net/http.HandlerFunc.ServeHTTP
2026-07-10 16:12:45 +08:00:       /root/go/pkg/mod/golang.org/toolchain@v0.0.1-go1.25.0.linux-amd64/src/net/http/server.go:2322
2026-07-10 16:12:45 +08:00:     github.com/go-chi/chi/v5/middleware.RealIP.func1
2026-07-10 16:12:45 +08:00:       /root/go/pkg/mod/github.com/go-chi/chi/v5@v5.3.1/middleware/realip.go:33
2026-07-10 16:12:45 +08:00:     net/http.HandlerFunc.ServeHTTP
2026-07-10 16:12:45 +08:00:       /root/go/pkg/mod/golang.org/toolchain@v0.0.1-go1.25.0.linux-amd64/src/net/http/server.go:2322
2026-07-10 16:12:45 +08:00:     github.com/go-chi/chi/v5/middleware.RequestID.func1
2026-07-10 16:12:45 +08:00:       /root/go/pkg/mod/github.com/go-chi/chi/v5@v5.3.1/middleware/request_id.go:76
2026-07-10 16:12:45 +08:00:     net/http.HandlerFunc.ServeHTTP
2026-07-10 16:12:45 +08:00:       /root/go/pkg/mod/golang.org/toolchain@v0.0.1-go1.25.0.linux-amd64/src/net/http/server.go:2322
2026-07-10 16:12:45 +08:00:     github.com/go-chi/chi/v5.(*Mux).ServeHTTP
2026-07-10 16:12:45 +08:00:       /root/go/pkg/mod/github.com/go-chi/chi/v5@v5.3.1/mux.go:90
2026-07-10 16:12:45 +08:00:     net/http.serverHandler.ServeHTTP
2026-07-10 16:12:45 +08:00:       /root/go/pkg/mod/golang.org/toolchain@v0.0.1-go1.25.0.linux-amd64/src/net/http/server.go:3340
2026-07-10 16:12:45 +08:00:     net/http.(*conn).serve
2026-07-10 16:12:45 +08:00:       /root/go/pkg/mod/golang.org/toolchain@v0.0.1-go1.25.0.linux-amd64/src/net/http/server.go:2109
2026-07-10 16:12:45 +08:00:     created by net/http.(*Server).Serve in goroutine 1
2026-07-10 16:12:45 +08:00:       /root/go/pkg/mod/golang.org/toolchain@v0.0.1-go1.25.0.linux-amd64/src/net/http/server.go:3493
2026-07-10 16:12:45 +08:00:     
2026-07-10 16:12:51 +08:00: 
2026-07-10 16:12:51 +08:00:  panic: runtime error: invalid memory address or nil pointer dereference
2026-07-10 16:12:51 +08:00:  
2026-07-10 16:12:51 +08:00:  -> github.com/zhiyu-saas/backend/internal/handler.(*ResourceHandler).List
2026-07-10 16:12:51 +08:00:  ->   /root/projects/zhiyu-saas/backend/internal/handler/resource_handler.go:92
2026-07-10 16:12:51 +08:00: 
2026-07-10 16:12:51 +08:00:     net/http.HandlerFunc.ServeHTTP
2026-07-10 16:12:51 +08:00:       /root/go/pkg/mod/golang.org/toolchain@v0.0.1-go1.25.0.linux-amd64/src/net/http/server.go:2322
2026-07-10 16:12:51 +08:00:     github.com/go-chi/chi/v5.(*Mux).routeHTTP
2026-07-10 16:12:51 +08:00:       /root/go/pkg/mod/github.com/go-chi/chi/v5@v5.3.1/mux.go:483
2026-07-10 16:12:51 +08:00:     net/http.HandlerFunc.ServeHTTP
2026-07-10 16:12:51 +08:00:       /root/go/pkg/mod/golang.org/toolchain@v0.0.1-go1.25.0.linux-amd64/src/net/http/server.go:2322
2026-07-10 16:12:51 +08:00:     github.com/go-chi/chi/v5.(*Mux).ServeHTTP
2026-07-10 16:12:51 +08:00:       /root/go/pkg/mod/github.com/go-chi/chi/v5@v5.3.1/mux.go:73
2026-07-10 16:12:51 +08:00:     github.com/go-chi/chi/v5.(*Mux).Mount.func1
2026-07-10 16:12:51 +08:00:       /root/go/pkg/mod/github.com/go-chi/chi/v5@v5.3.1/mux.go:327
2026-07-10 16:12:51 +08:00:     net/http.HandlerFunc.ServeHTTP
2026-07-10 16:12:51 +08:00:       /root/go/pkg/mod/golang.org/toolchain@v0.0.1-go1.25.0.linux-amd64/src/net/http/server.go:2322
2026-07-10 16:12:51 +08:00:     github.com/go-chi/chi/v5.(*Mux).routeHTTP
2026-07-10 16:12:51 +08:00:       /root/go/pkg/mod/github.com/go-chi/chi/v5@v5.3.1/mux.go:483
2026-07-10 16:12:51 +08:00:     net/http.HandlerFunc.ServeHTTP
2026-07-10 16:12:51 +08:00:       /root/go/pkg/mod/golang.org/toolchain@v0.0.1-go1.25.0.linux-amd64/src/net/http/server.go:2322
2026-07-10 16:12:51 +08:00:     github.com/zhiyu-saas/backend/internal/router.New.func1.1
2026-07-10 16:12:51 +08:00:       /root/projects/zhiyu-saas/backend/internal/router/router.go:31
2026-07-10 16:12:51 +08:00:     net/http.HandlerFunc.ServeHTTP
2026-07-10 16:12:51 +08:00:       /root/go/pkg/mod/golang.org/toolchain@v0.0.1-go1.25.0.linux-amd64/src/net/http/server.go:2322
2026-07-10 16:12:51 +08:00:     github.com/zhiyu-saas/backend/internal/router.New.Timeout.func4.1
2026-07-10 16:12:51 +08:00:       /root/go/pkg/mod/github.com/go-chi/chi/v5@v5.3.1/middleware/timeout.go:44
2026-07-10 16:12:51 +08:00:     net/http.HandlerFunc.ServeHTTP
2026-07-10 16:12:51 +08:00:       /root/go/pkg/mod/golang.org/toolchain@v0.0.1-go1.25.0.linux-amd64/src/net/http/server.go:2322
2026-07-10 16:12:51 +08:00:     github.com/go-chi/chi/v5/middleware.Recoverer.func1
2026-07-10 16:12:51 +08:00:       /root/go/pkg/mod/github.com/go-chi/chi/v5@v5.3.1/middleware/recoverer.go:45
2026-07-10 16:12:51 +08:00:     net/http.HandlerFunc.ServeHTTP
2026-07-10 16:12:51 +08:00:       /root/go/pkg/mod/golang.org/toolchain@v0.0.1-go1.25.0.linux-amd64/src/net/http/server.go:2322
2026-07-10 16:12:51 +08:00:     github.com/go-chi/chi/v5/middleware.init.0.RequestLogger.func1.1
2026-07-10 16:12:51 +08:00:       /root/go/pkg/mod/github.com/go-chi/chi/v5@v5.3.1/middleware/logger.go:55
2026-07-10 16:12:51 +08:00:     net/http.HandlerFunc.ServeHTTP
2026-07-10 16:12:51 +08:00:       /root/go/pkg/mod/golang.org/toolchain@v0.0.1-go1.25.0.linux-amd64/src/net/http/server.go:2322
2026-07-10 16:12:51 +08:00:     github.com/go-chi/chi/v5/middleware.RealIP.func1
2026-07-10 16:12:51 +08:00:       /root/go/pkg/mod/github.com/go-chi/chi/v5@v5.3.1/middleware/realip.go:33
2026-07-10 16:12:51 +08:00:     net/http.HandlerFunc.ServeHTTP
2026-07-10 16:12:51 +08:00:       /root/go/pkg/mod/golang.org/toolchain@v0.0.1-go1.25.0.linux-amd64/src/net/http/server.go:2322
2026-07-10 16:12:51 +08:00:     github.com/go-chi/chi/v5/middleware.RequestID.func1
2026-07-10 16:12:51 +08:00:       /root/go/pkg/mod/github.com/go-chi/chi/v5@v5.3.1/middleware/request_id.go:76
2026-07-10 16:12:51 +08:00:     net/http.HandlerFunc.ServeHTTP
2026-07-10 16:12:51 +08:00:       /root/go/pkg/mod/golang.org/toolchain@v0.0.1-go1.25.0.linux-amd64/src/net/http/server.go:2322
2026-07-10 16:12:51 +08:00:     github.com/go-chi/chi/v5.(*Mux).ServeHTTP
2026-07-10 16:12:51 +08:00:       /root/go/pkg/mod/github.com/go-chi/chi/v5@v5.3.1/mux.go:90
2026-07-10 16:12:51 +08:00:     net/http.serverHandler.ServeHTTP
2026-07-10 16:12:51 +08:00:       /root/go/pkg/mod/golang.org/toolchain@v0.0.1-go1.25.0.linux-amd64/src/net/http/server.go:3340
2026-07-10 16:12:51 +08:00:     net/http.(*conn).serve
2026-07-10 16:12:51 +08:00:       /root/go/pkg/mod/golang.org/toolchain@v0.0.1-go1.25.0.linux-amd64/src/net/http/server.go:2109
2026-07-10 16:12:51 +08:00:     created by net/http.(*Server).Serve in goroutine 1
2026-07-10 16:12:51 +08:00:       /root/go/pkg/mod/golang.org/toolchain@v0.0.1-go1.25.0.linux-amd64/src/net/http/server.go:3493
2026-07-10 16:12:51 +08:00:     
